Using pre-set license
Built from '2021.3/staging' branch; Version is '2021.3.29f1 (204d6dc9ae1c) revision 2116973'; Using compiler version '192829333'; Build Type 'Release'
OS: 'Windows 10  (10.0.19045) 64bit Professional' Language: 'es' Physical Memory: 16281 MB
BatchMode: 1, IsHumanControllingUs: 0, StartBugReporterOnCrash: 0, Is64bit: 1, IsPro: 1

COMMAND LINE ARGUMENTS:
C:\Program Files\Unity\Hub\Editor\2021.3.29f1\Editor\Unity.exe
-adb2
-batchMode
-noUpm
-name
AssetImportWorker1712
-projectPath
Z:/UNITY/New Unity Project
-logFile
Logs/AssetImportWorker1712.log
-srvPort
50443
Successfully changed project path to: Z:/UNITY/New Unity Project
Z:/UNITY/New Unity Project
[UnityMemory] Configuration Parameters - Can be set up in boot.config
    "memorysetup-bucket-allocator-granularity=16"
    "memorysetup-bucket-allocator-bucket-count=8"
    "memorysetup-bucket-allocator-block-size=33554432"
    "memorysetup-bucket-allocator-block-count=8"
    "memorysetup-main-allocator-block-size=16777216"
    "memorysetup-thread-allocator-block-size=16777216"
    "memorysetup-gfx-main-allocator-block-size=16777216"
    "memorysetup-gfx-thread-allocator-block-size=16777216"
    "memorysetup-cache-allocator-block-size=4194304"
    "memorysetup-typetree-allocator-block-size=2097152"
    "memorysetup-profiler-bucket-allocator-granularity=16"
    "memorysetup-profiler-bucket-allocator-bucket-count=8"
    "memorysetup-profiler-bucket-allocator-block-size=33554432"
    "memorysetup-profiler-bucket-allocator-block-count=8"
    "memorysetup-profiler-allocator-block-size=16777216"
    "memorysetup-profiler-editor-allocator-block-size=1048576"
    "memorysetup-temp-allocator-size-main=16777216"
    "memorysetup-job-temp-allocator-block-size=2097152"
    "memorysetup-job-temp-allocator-block-size-background=1048576"
    "memorysetup-job-temp-allocator-reduction-small-platforms=262144"
    "memorysetup-temp-allocator-size-background-worker=32768"
    "memorysetup-temp-allocator-size-job-worker=262144"
    "memorysetup-temp-allocator-size-preload-manager=33554432"
    "memorysetup-temp-allocator-size-nav-mesh-worker=65536"
    "memorysetup-temp-allocator-size-audio-worker=65536"
    "memorysetup-temp-allocator-size-cloud-worker=32768"
    "memorysetup-temp-allocator-size-gi-baking-worker=262144"
    "memorysetup-temp-allocator-size-gfx=262144"
Player connection [53472] Host "[IP] 192.168.0.219 [Port] 0 [Flags] 2 [Guid] 2187427208 [EditorId] 2187427208 [Version] 1048832 [Id] WindowsEditor(7,WinEnri) [Debug] 1 [PackageName] WindowsEditor [ProjectName] Editor" joined multi-casting on [225.0.0.222:54997]...

Player connection [53472] Host "[IP] 192.168.0.219 [Port] 0 [Flags] 2 [Guid] 2187427208 [EditorId] 2187427208 [Version] 1048832 [Id] WindowsEditor(7,WinEnri) [Debug] 1 [PackageName] WindowsEditor [ProjectName] Editor" joined alternative multi-casting on [225.0.0.222:34997]...

mdb reader table full -> cleaning up stale readers. Current readers:
    pid     thread     txnid
      6852 1ac8 -
      6852 4f58 -
      6852 8f4 -
     33756 a7a0 -
     41648 bd8c -
     22424 6bc8 -
     37832 a9fc -
     52172 ba14 -
     49556 77b0 -
     48656 b24c -
     49644 c500 -
     49708 6de4 -
     41676 b5e8 -
     49132 c1d0 -
     48728 ee4 -
      2164 a3d8 -
     47520 c890 -
     43232 9fa4 -
     32188 5f00 -
     38192 cbf0 -
     52892 cea0 -
     53056 cf44 -
     53212 98c0 -
     52848 cfc8 -
     45920 c2e8 -
     50692 b180 -
     47156 ca90 -
     37124 c0e0 -
     50436 c8e4 -
     51732 ce3c -
     51308 9164 -
     52232 a740 -
     45760 7138 -
     52444 cd1c -
     49984 9fa0 -
     47856 2e14 -
     52756 ce1c -
     53200 ce28 -
     50384 c130 -
     38208 c3c8 -
     51804 c6c4 -
     52456 cdbc -
     52632 b184 -
     52108 ac74 -
     52740 cd0c -
     43136 a910 -
     39780 c9bc -
     45344 c478 -
     49060 7270 -
     50984 31e0 -
     49280 ced8 -
     45676 a1d4 -
     33560 bd80 -
     44128 bc04 -
     50664 be68 -
      5736 c750 -
     46844 b0b4 -
     33568 4c30 -
     52300 c7a4 -
     52996 31d0 -
     49724 b888 -
     52408 ccec -
     35252 b2a4 -
     50520 ce94 -
     48192 bba8 -
     46720 ae48 -
     51348 84e8 -
     51212 9b80 -
     47300 bbc4 -
     53228 c508 -
     45388 b824 -
     43512 cac8 -
     42796 7fac -
     52528 adfc -
     51300 876c -
     50336 9228 -
     48488 b628 -
     46404 c918 -
     49880 ca28 -
     37908 c850 -
     42144 ce60 -
     45936 acec -
     39152 cafc -
     53012 c908 -
     51812 c828 -
     51296 a44c -
     12748 c5c8 -
     39676 b178 -
     51412 923c -
     51728 c74c -
     33220 8688 -
     23336 5818 -
     12916 c0a0 -
     46504 a6b0 -
     32144 ccfc -
     52608 cde8 -
     44516 8a5c -
     49872 cee8 -
      5680 5680 -
     52872 8ef4 -
     53204 ce40 -
     52648 7240 -
     54608 d554 -
     54768 d5f4 -
     49676 bf40 -
     50136 82d4 -
     55132 d760 -
     54828 d630 -
     54164 d3d8 -
     54644 d570 -
     53524 d198 -
     20744 4d94 -
     46456 d058 -
     46096 bd40 -
     47736 cb40 -
     53268 d300 -
     12204 c904 -
     53964 d1bc -
     51848 6508 -
     47168 d380 -
     54976 d6c8 -
     45376 cbb4 -
     43464 ce64 -
     53352 d7d4 -
      8868 d568 -
     51048 b784 -
Cleaned out 122 stale readers
Refreshing native plugins compatible for Editor in 2132.39 ms, found 3 plugins.
Preloading 0 native plugins for Editor in 0.00 ms.
Initialize engine version: 2021.3.29f1 (204d6dc9ae1c)
[Subsystems] Discovering subsystems at path C:/Program Files/Unity/Hub/Editor/2021.3.29f1/Editor/Data/Resources/UnitySubsystems
[Subsystems] Discovering subsystems at path Z:/UNITY/New Unity Project/Assets
GfxDevice: creating device client; threaded=0; jobified=0
Direct3D:
    Version:  Direct3D 11.0 [level 11.1]
    Renderer: NVIDIA GeForce GTX 1050 Ti (ID=0x1c82)
    Vendor:   NVIDIA
    VRAM:     4004 MB
    Driver:   31.0.15.5186
Initialize mono
Mono path[0] = 'C:/Program Files/Unity/Hub/Editor/2021.3.29f1/Editor/Data/Managed'
Mono path[1] = 'C:/Program Files/Unity/Hub/Editor/2021.3.29f1/Editor/Data/MonoBleedingEdge/lib/mono/unityjit-win32'
Mono config path = 'C:/Program Files/Unity/Hub/Editor/2021.3.29f1/Editor/Data/MonoBleedingEdge/etc'
Using monoOptions --debugger-agent=transport=dt_socket,embedding=1,server=y,suspend=n,address=127.0.0.1:56048
Begin MonoManager ReloadAssembly
Registering precompiled unity dll's ...
Register platform support module: C:/Program Files/Unity/Hub/Editor/2021.3.29f1/Editor/Data/PlaybackEngines/WindowsStandaloneSupport/UnityEditor.WindowsStandalone.Extensions.dll
Registered in 0.078098 seconds.
Native extension for WindowsStandalone target not found
Refreshing native plugins compatible for Editor in 60.26 ms, found 3 plugins.
Preloading 0 native plugins for Editor in 0.00 ms.
Mono: successfully reloaded assembly
- Completed reload, in  0.962 seconds
Domain Reload Profiling:
	ReloadAssembly (963ms)
		BeginReloadAssembly (78ms)
			ExecutionOrderSort (0ms)
			DisableScriptedObjects (0ms)
			BackupInstance (0ms)
			ReleaseScriptingObjects (0ms)
			CreateAndSetChildDomain (1ms)
		EndReloadAssembly (728ms)
			LoadAssemblies (76ms)
			RebuildTransferFunctionScriptingTraits (0ms)
			SetupTypeCache (86ms)
			ReleaseScriptCaches (0ms)
			RebuildScriptCaches (24ms)
			SetupLoadedEditorAssemblies (327ms)
				LogAssemblyErrors (0ms)
				InitializePlatformSupportModulesInManaged (7ms)
				SetLoadedEditorAssemblies (0ms)
				RefreshPlugins (60ms)
				BeforeProcessingInitializeOnLoad (1ms)
				ProcessInitializeOnLoadAttributes (96ms)
				ProcessInitializeOnLoadMethodAttributes (163ms)
				AfterProcessingInitializeOnLoad (0ms)
				EditorAssembliesLoaded (0ms)
			ExecutionOrderSort2 (0ms)
			AwakeInstancesAfterBackupRestoration (0ms)
Platform modules already initialized, skipping
Registering precompiled user dll's ...
Registered in 2.709261 seconds.
