Using pre-set license
Built from '2021.3/staging' branch; Version is '2021.3.29f1 (204d6dc9ae1c) revision 2116973'; Using compiler version '192829333'; Build Type 'Release'
OS: 'Windows 10  (10.0.19045) 64bit Professional' Language: 'es' Physical Memory: 16281 MB
BatchMode: 1, IsHumanControllingUs: 0, StartBugReporterOnCrash: 0, Is64bit: 1, IsPro: 1

COMMAND LINE ARGUMENTS:
C:\Program Files\Unity\Hub\Editor\2021.3.29f1\Editor\Unity.exe
-adb2
-batchMode
-noUpm
-name
AssetImportWorker2447
-projectPath
Z:/UNITY/New Unity Project
-logFile
Logs/AssetImportWorker2447.log
-srvPort
50443
Successfully changed project path to: Z:/UNITY/New Unity Project
Z:/UNITY/New Unity Project
[UnityMemory] Configuration Parameters - Can be set up in boot.config
    "memorysetup-bucket-allocator-granularity=16"
    "memorysetup-bucket-allocator-bucket-count=8"
    "memorysetup-bucket-allocator-block-size=33554432"
    "memorysetup-bucket-allocator-block-count=8"
    "memorysetup-main-allocator-block-size=16777216"
    "memorysetup-thread-allocator-block-size=16777216"
    "memorysetup-gfx-main-allocator-block-size=16777216"
    "memorysetup-gfx-thread-allocator-block-size=16777216"
    "memorysetup-cache-allocator-block-size=4194304"
    "memorysetup-typetree-allocator-block-size=2097152"
    "memorysetup-profiler-bucket-allocator-granularity=16"
    "memorysetup-profiler-bucket-allocator-bucket-count=8"
    "memorysetup-profiler-bucket-allocator-block-size=33554432"
    "memorysetup-profiler-bucket-allocator-block-count=8"
    "memorysetup-profiler-allocator-block-size=16777216"
    "memorysetup-profiler-editor-allocator-block-size=1048576"
    "memorysetup-temp-allocator-size-main=16777216"
    "memorysetup-job-temp-allocator-block-size=2097152"
    "memorysetup-job-temp-allocator-block-size-background=1048576"
    "memorysetup-job-temp-allocator-reduction-small-platforms=262144"
    "memorysetup-temp-allocator-size-background-worker=32768"
    "memorysetup-temp-allocator-size-job-worker=262144"
    "memorysetup-temp-allocator-size-preload-manager=33554432"
    "memorysetup-temp-allocator-size-nav-mesh-worker=65536"
    "memorysetup-temp-allocator-size-audio-worker=65536"
    "memorysetup-temp-allocator-size-cloud-worker=32768"
    "memorysetup-temp-allocator-size-gi-baking-worker=262144"
    "memorysetup-temp-allocator-size-gfx=262144"
Player connection [61580] Host "[IP] 192.168.0.219 [Port] 0 [Flags] 2 [Guid] 2715432517 [EditorId] 2715432517 [Version] 1048832 [Id] WindowsEditor(7,WinEnri) [Debug] 1 [PackageName] WindowsEditor [ProjectName] Editor" joined multi-casting on [225.0.0.222:54997]...

Player connection [61580] Host "[IP] 192.168.0.219 [Port] 0 [Flags] 2 [Guid] 2715432517 [EditorId] 2715432517 [Version] 1048832 [Id] WindowsEditor(7,WinEnri) [Debug] 1 [PackageName] WindowsEditor [ProjectName] Editor" joined alternative multi-casting on [225.0.0.222:34997]...

mdb reader table full -> cleaning up stale readers. Current readers:
    pid     thread     txnid
      6852 1ac8 -
      6852 4f58 -
      6852 8f4 -
     59820 d1d4 -
     62080 eb44 -
     63608 fa9c -
     65272 f744 -
     63380 fe2c -
     61876 ffbc -
     61700 eb34 -
     60348 e954 -
     65276 fbe8 -
     61136 fbb4 -
     62540 5c9c -
     60036 fb44 -
     16812 df30 -
     55972 ced0 -
     63368 ff04 -
     64980 fc90 -
     65604 10048 -
     64112 102d8 -
     66072 f2b8 -
     63884 fcf8 -
     63224 fd50 -
     45304 f184 -
     56652 e3a8 -
     63688 f430 -
     66200 fdc4 -
     66516 101e0 -
     66020 f5fc -
     64100 f58c -
     46936 f9f0 -
     66420 103b0 -
     65312 fd78 -
     65648 10114 -
     64724 102f8 -
     64084 fd34 -
     62796 ffd0 -
     60504 fc38 -
     50264 ff68 -
     65044 100dc -
     62632 a8d0 -
     66168 e0b0 -
     66108 101ec -
     54024 90b8 -
     61556 d650 -
     64904 438 -
     64480 100a8 -
     47596 102fc -
     65076 fef4 -
     65024 c73c -
     57972 fb9c -
     56704 e4a8 -
     14400 fc58 -
     62492 fdd8 -
     59876 ad18 -
     65692 be24 -
     63892 fa30 -
     65644 e740 -
     28572 fb90 -
     49384 fdfc -
     48288 e84c -
     62928 f750 -
     58200 f170 -
     67528 107cc -
     67368 1072c -
     54940 e7f0 -
     65876 f8a4 -
     65628 f2ec -
     65564 ff9c -
     61416 e598 6567
     66908 102b0 -
     66548 1025c -
     65420 de4c -
     65028 a96c -
     66036 102ec -
     60584 dc8c -
     65444 105c8 -
     63968 d71c -
     57220 f3ac -
     56972 ddd8 -
     66952 10704 -
     60180 f574 -
     67192 10674 -
     46644 1012c -
     63144 105a4 -
     66532 fc70 -
     33184 e8c8 -
     65832 f3a8 -
     35736 f86c -
     66756 f998 -
     66768 10200 -
     54652 f8f4 -
     67464 ca68 -
     57176 faf0 -
     66096 8eb8 -
     63924 9f84 -
     67412 be30 -
     59452 fa50 -
     63720 dbf8 -
     25156 f1f0 -
     53292 3794 -
     58684 e4a0 -
     63096 dc5c -
     38312 151c -
     63444 1067c -
     56584 10658 -
     64336 f9fc -
     57684 f81c -
     61812 101f0 -
     66688 10540 -
     67324 f7a8 -
     60156 105d4 -
     46608 faa8 -
     61824 e810 -
     62316 e654 -
     62332 fa14 -
     64712 f644 -
     49560 e928 -
     53296 201c -
     65136 10498 -
     65116 d928 -
     65000 f960 -
     61260 e7c0 -
     62768 ff60 -
     64252 de84 -
Cleaned out 122 stale readers
Refreshing native plugins compatible for Editor in 3969.27 ms, found 3 plugins.
Preloading 0 native plugins for Editor in 0.00 ms.
Initialize engine version: 2021.3.29f1 (204d6dc9ae1c)
[Subsystems] Discovering subsystems at path C:/Program Files/Unity/Hub/Editor/2021.3.29f1/Editor/Data/Resources/UnitySubsystems
[Subsystems] Discovering subsystems at path Z:/UNITY/New Unity Project/Assets
GfxDevice: creating device client; threaded=0; jobified=0
Direct3D:
    Version:  Direct3D 11.0 [level 11.1]
    Renderer: NVIDIA GeForce GTX 1050 Ti (ID=0x1c82)
    Vendor:   NVIDIA
    VRAM:     4004 MB
    Driver:   31.0.15.5186
Initialize mono
Mono path[0] = 'C:/Program Files/Unity/Hub/Editor/2021.3.29f1/Editor/Data/Managed'
Mono path[1] = 'C:/Program Files/Unity/Hub/Editor/2021.3.29f1/Editor/Data/MonoBleedingEdge/lib/mono/unityjit-win32'
Mono config path = 'C:/Program Files/Unity/Hub/Editor/2021.3.29f1/Editor/Data/MonoBleedingEdge/etc'
Using monoOptions --debugger-agent=transport=dt_socket,embedding=1,server=y,suspend=n,address=127.0.0.1:56204
Begin MonoManager ReloadAssembly
Registering precompiled unity dll's ...
Register platform support module: C:/Program Files/Unity/Hub/Editor/2021.3.29f1/Editor/Data/PlaybackEngines/WindowsStandaloneSupport/UnityEditor.WindowsStandalone.Extensions.dll
Registered in 0.155214 seconds.
Native extension for WindowsStandalone target not found
Refreshing native plugins compatible for Editor in 56.13 ms, found 3 plugins.
Preloading 0 native plugins for Editor in 0.00 ms.
Mono: successfully reloaded assembly
- Completed reload, in  1.340 seconds
Domain Reload Profiling:
	ReloadAssembly (1341ms)
		BeginReloadAssembly (117ms)
			ExecutionOrderSort (0ms)
			DisableScriptedObjects (0ms)
			BackupInstance (0ms)
			ReleaseScriptingObjects (0ms)
			CreateAndSetChildDomain (1ms)
		EndReloadAssembly (988ms)
			LoadAssemblies (115ms)
			RebuildTransferFunctionScriptingTraits (0ms)
			SetupTypeCache (96ms)
			ReleaseScriptCaches (0ms)
			RebuildScriptCaches (24ms)
			SetupLoadedEditorAssemblies (361ms)
				LogAssemblyErrors (0ms)
				InitializePlatformSupportModulesInManaged (6ms)
				SetLoadedEditorAssemblies (0ms)
				RefreshPlugins (56ms)
				BeforeProcessingInitializeOnLoad (1ms)
				ProcessInitializeOnLoadAttributes (98ms)
				ProcessInitializeOnLoadMethodAttributes (199ms)
				AfterProcessingInitializeOnLoad (0ms)
				EditorAssembliesLoaded (0ms)
			ExecutionOrderSort2 (0ms)
			AwakeInstancesAfterBackupRestoration (0ms)
Platform modules already initialized, skipping
Registering precompiled user dll's ...
Registered in 2.260748 seconds.
