Using pre-set license
Built from '2021.3/staging' branch; Version is '2021.3.29f1 (204d6dc9ae1c) revision 2116973'; Using compiler version '192829333'; Build Type 'Release'
OS: 'Windows 10  (10.0.19045) 64bit Professional' Language: 'es' Physical Memory: 16281 MB
BatchMode: 1, IsHumanControllingUs: 0, StartBugReporterOnCrash: 0, Is64bit: 1, IsPro: 1

COMMAND LINE ARGUMENTS:
C:\Program Files\Unity\Hub\Editor\2021.3.29f1\Editor\Unity.exe
-adb2
-batchMode
-noUpm
-name
AssetImportWorker367
-projectPath
Z:/UNITY/New Unity Project
-logFile
Logs/AssetImportWorker367.log
-srvPort
50443
Successfully changed project path to: Z:/UNITY/New Unity Project
Z:/UNITY/New Unity Project
[UnityMemory] Configuration Parameters - Can be set up in boot.config
    "memorysetup-bucket-allocator-granularity=16"
    "memorysetup-bucket-allocator-bucket-count=8"
    "memorysetup-bucket-allocator-block-size=33554432"
    "memorysetup-bucket-allocator-block-count=8"
    "memorysetup-main-allocator-block-size=16777216"
    "memorysetup-thread-allocator-block-size=16777216"
    "memorysetup-gfx-main-allocator-block-size=16777216"
    "memorysetup-gfx-thread-allocator-block-size=16777216"
    "memorysetup-cache-allocator-block-size=4194304"
    "memorysetup-typetree-allocator-block-size=2097152"
    "memorysetup-profiler-bucket-allocator-granularity=16"
    "memorysetup-profiler-bucket-allocator-bucket-count=8"
    "memorysetup-profiler-bucket-allocator-block-size=33554432"
    "memorysetup-profiler-bucket-allocator-block-count=8"
    "memorysetup-profiler-allocator-block-size=16777216"
    "memorysetup-profiler-editor-allocator-block-size=1048576"
    "memorysetup-temp-allocator-size-main=16777216"
    "memorysetup-job-temp-allocator-block-size=2097152"
    "memorysetup-job-temp-allocator-block-size-background=1048576"
    "memorysetup-job-temp-allocator-reduction-small-platforms=262144"
    "memorysetup-temp-allocator-size-background-worker=32768"
    "memorysetup-temp-allocator-size-job-worker=262144"
    "memorysetup-temp-allocator-size-preload-manager=33554432"
    "memorysetup-temp-allocator-size-nav-mesh-worker=65536"
    "memorysetup-temp-allocator-size-audio-worker=65536"
    "memorysetup-temp-allocator-size-cloud-worker=32768"
    "memorysetup-temp-allocator-size-gi-baking-worker=262144"
    "memorysetup-temp-allocator-size-gfx=262144"
Player connection [5348] Host "[IP] 192.168.0.219 [Port] 0 [Flags] 2 [Guid] 3876398366 [EditorId] 3876398366 [Version] 1048832 [Id] WindowsEditor(7,WinEnri) [Debug] 1 [PackageName] WindowsEditor [ProjectName] Editor" joined multi-casting on [225.0.0.222:54997]...

Player connection [5348] Host "[IP] 192.168.0.219 [Port] 0 [Flags] 2 [Guid] 3876398366 [EditorId] 3876398366 [Version] 1048832 [Id] WindowsEditor(7,WinEnri) [Debug] 1 [PackageName] WindowsEditor [ProjectName] Editor" joined alternative multi-casting on [225.0.0.222:34997]...

mdb reader table full -> cleaning up stale readers. Current readers:
    pid     thread     txnid
      6852 1ac8 -
      6852 1218 -
      6852 124c -
     11340 58f8 -
     25240 6290 -
      8836 4174 -
     20008 3da4 -
     21788 4d60 -
     25280 56e8 -
      8236 3ad4 -
     24708 6360 -
      5020 4108 -
     24648 61e0 -
     18180 6024 -
     10440 6344 -
     19932 62ec -
     24580 6080 -
     23524 6110 -
     10936 5338 -
     23496 6238 -
     15300 5870 -
     12316 5ab0 -
     25468 52fc -
     10816 3a28 -
     25500 5258 -
     25184 4d90 -
     24948 4cc4 -
     19692 4cd8 -
     25252 5fc -
     22340 6234 -
      9828 a70 -
     24924 613c -
     14504 63ec -
     14588 457c -
     24684 1f04 -
     24628 59a0 -
     26136 661c -
     26096 65f4 -
     25532 950 -
     24480 608c -
     26268 66a0 -
     26440 674c -
     24872 1ed4 -
     26312 32c0 -
     26468 677c -
     25984 67d4 -
     10784 5540 -
     26068 65d0 -
     11184 6404 -
     23472 6788 -
     23868 6574 -
     25300 561c -
      2720 12a0 -
     25016 450c -
     22448 5f54 -
     19716 918 -
     26512 18b0 -
     25848 6374 -
     23360 36b0 -
     26028 658c -
     25416 6714 -
     19524 63d8 -
     25164 67b8 -
     12904 39f8 -
     25688 61e4 -
     21976 64b8 -
     13612 5ed0 -
     25496 307c -
     26460 533c -
     26116 4c64 -
     15192 1a74 -
     25492 540c -
     10792 56c0 -
     25692 5b3c -
     24820 35f8 -
     19636 647c -
     26596 6668 -
      1936 a94 -
     24952 6050 -
     24752 52a8 -
     24664 60b4 -
     26164 5f8c -
     18880 5240 -
     11956 1f5c -
     22432 4f34 -
      2640 638c -
     14708 5a98 -
     26292 1b68 -
     21808 5ba8 -
     22160 42f8 -
     24552 54c4 -
     24632 6060 -
     24072 61cc -
     25676 6408 -
      5620 64d0 -
     22716 2d34 -
     19580 62ac -
     22756 5788 -
     21924 52cc -
     26000 4e60 -
     25536 6768 -
     24616 5908 -
     26612 53b8 -
     22652 30ec -
     24732 5110 -
     25180 66e0 -
     25584 2a34 -
      6256 4ed8 -
     25540 62f0 -
      3808 5cac -
     26964 6958 -
     27340 6ad0 -
     26196 5b4c -
     24084 6640 -
     25388 6ae4 -
     27428 6b28 -
     26956 651c -
     17032 6818 -
     25256 5344 -
     25772 6540 -
     26728 686c -
     26944 693c -
     26796 3bb8 -
     23716 67f8 -
      9728 161c -
     23180 653c -
Cleaned out 122 stale readers
mdb reader table full -> cleaning up stale readers. Current readers:
    pid     thread     txnid
      6852 1ac8 -
      6852 4f58 -
      6852 8f4 -
     11340 58f8 -
      8836 4174 -
     25240 6290 -
     21788 4d60 -
     20008 3da4 -
      8236 3ad4 -
     25280 56e8 -
     24708 6360 -
      5020 4108 -
     24648 61e0 -
     18180 6024 -
     19932 62ec -
     10440 6344 -
     24580 6080 -
     23524 6110 -
     10936 5338 -
     23496 6238 -
     15300 5870 -
     12316 5ab0 -
     10816 3a28 -
     25468 52fc -
     25500 5258 -
     25184 4d90 -
     24948 4cc4 -
     19692 4cd8 -
     25252 5fc -
     22340 6234 -
      9828 a70 -
     24924 613c -
     14588 457c -
     14504 63ec -
     24628 59a0 -
     24684 1f04 -
     26096 65f4 -
     26136 661c -
     24480 608c -
     25532 950 -
     26440 674c -
     26268 66a0 -
     24872 1ed4 -
     26312 32c0 -
     25984 67d4 -
     26468 677c -
     10784 5540 -
     26068 65d0 -
     23472 6788 -
     11184 6404 -
     23868 6574 -
     25300 561c -
      2720 12a0 -
     25016 450c -
     19716 918 -
     22448 5f54 -
     25848 6374 -
     26512 18b0 -
     23360 36b0 -
     26028 658c -
     25416 6714 -
     19524 63d8 -
     25164 67b8 -
     12904 39f8 -
     25688 61e4 -
     21976 64b8 -
     25496 307c -
     13612 5ed0 -
     26116 4c64 -
     26460 533c -
     15192 1a74 -
     25492 540c -
     25692 5b3c -
     10792 56c0 -
     24820 35f8 -
     19636 647c -
      1936 a94 -
     26596 6668 -
     24752 52a8 -
     24952 6050 -
     26164 5f8c -
     24664 60b4 -
     11956 1f5c -
     18880 5240 -
      2640 638c -
     22432 4f34 -
     26292 1b68 -
     14708 5a98 -
     22160 42f8 -
     21808 5ba8 -
     24552 54c4 -
     24632 6060 -
     25676 6408 -
     24072 61cc -
      5620 64d0 -
     22716 2d34 -
     22756 5788 -
     19580 62ac -
     26000 4e60 -
     21924 52cc -
     24616 5908 -
     25536 6768 -
     22652 30ec -
     26612 53b8 -
     24732 5110 -
     25180 66e0 -
     25584 2a34 -
      6256 4ed8 -
     25540 62f0 -
      3808 5cac -
     26964 6958 -
     27340 6ad0 -
     26196 5b4c -
     24084 6640 -
     25388 6ae4 -
     27428 6b28 -
     17032 6818 -
     26956 651c -
     25256 5344 -
     25772 6540 -
     26944 693c -
     26728 686c -
     23716 67f8 -
     26796 3bb8 -
      9728 161c -
     23180 653c -
Cleaned out 122 stale readers
Refreshing native plugins compatible for Editor in 1348.38 ms, found 3 plugins.
Preloading 0 native plugins for Editor in 0.00 ms.
Initialize engine version: 2021.3.29f1 (204d6dc9ae1c)
[Subsystems] Discovering subsystems at path C:/Program Files/Unity/Hub/Editor/2021.3.29f1/Editor/Data/Resources/UnitySubsystems
[Subsystems] Discovering subsystems at path Z:/UNITY/New Unity Project/Assets
GfxDevice: creating device client; threaded=0; jobified=0
Direct3D:
    Version:  Direct3D 11.0 [level 11.1]
    Renderer: NVIDIA GeForce GTX 1050 Ti (ID=0x1c82)
    Vendor:   NVIDIA
    VRAM:     4004 MB
    Driver:   31.0.15.5186
Initialize mono
Mono path[0] = 'C:/Program Files/Unity/Hub/Editor/2021.3.29f1/Editor/Data/Managed'
Mono path[1] = 'C:/Program Files/Unity/Hub/Editor/2021.3.29f1/Editor/Data/MonoBleedingEdge/lib/mono/unityjit-win32'
Mono config path = 'C:/Program Files/Unity/Hub/Editor/2021.3.29f1/Editor/Data/MonoBleedingEdge/etc'
Using monoOptions --debugger-agent=transport=dt_socket,embedding=1,server=y,suspend=n,address=127.0.0.1:56808
Begin MonoManager ReloadAssembly
Registering precompiled unity dll's ...
Register platform support module: C:/Program Files/Unity/Hub/Editor/2021.3.29f1/Editor/Data/PlaybackEngines/WindowsStandaloneSupport/UnityEditor.WindowsStandalone.Extensions.dll
Registered in 0.159289 seconds.
Native extension for WindowsStandalone target not found
Refreshing native plugins compatible for Editor in 55.86 ms, found 3 plugins.
Preloading 0 native plugins for Editor in 0.00 ms.
Mono: successfully reloaded assembly
- Completed reload, in  1.505 seconds
Domain Reload Profiling:
	ReloadAssembly (1506ms)
		BeginReloadAssembly (115ms)
			ExecutionOrderSort (0ms)
			DisableScriptedObjects (0ms)
			BackupInstance (0ms)
			ReleaseScriptingObjects (0ms)
			CreateAndSetChildDomain (1ms)
		EndReloadAssembly (1152ms)
			LoadAssemblies (114ms)
			RebuildTransferFunctionScriptingTraits (0ms)
			SetupTypeCache (88ms)
			ReleaseScriptCaches (0ms)
			RebuildScriptCaches (24ms)
			SetupLoadedEditorAssemblies (260ms)
				LogAssemblyErrors (0ms)
				InitializePlatformSupportModulesInManaged (6ms)
				SetLoadedEditorAssemblies (0ms)
				RefreshPlugins (56ms)
				BeforeProcessingInitializeOnLoad (1ms)
				ProcessInitializeOnLoadAttributes (98ms)
				ProcessInitializeOnLoadMethodAttributes (98ms)
				AfterProcessingInitializeOnLoad (0ms)
				EditorAssembliesLoaded (0ms)
			ExecutionOrderSort2 (0ms)
			AwakeInstancesAfterBackupRestoration (0ms)
Platform modules already initialized, skipping
Registering precompiled user dll's ...
Registered in 3.466304 seconds.
