Using pre-set license
Built from '2021.3/staging' branch; Version is '2021.3.29f1 (204d6dc9ae1c) revision 2116973'; Using compiler version '192829333'; Build Type 'Release'
OS: 'Windows 10  (10.0.19045) 64bit Professional' Language: 'es' Physical Memory: 16281 MB
BatchMode: 1, IsHumanControllingUs: 0, StartBugReporterOnCrash: 0, Is64bit: 1, IsPro: 1

COMMAND LINE ARGUMENTS:
C:\Program Files\Unity\Hub\Editor\2021.3.29f1\Editor\Unity.exe
-adb2
-batchMode
-noUpm
-name
AssetImportWorker2325
-projectPath
Z:/UNITY/New Unity Project
-logFile
Logs/AssetImportWorker2325.log
-srvPort
50443
Successfully changed project path to: Z:/UNITY/New Unity Project
Z:/UNITY/New Unity Project
[UnityMemory] Configuration Parameters - Can be set up in boot.config
    "memorysetup-bucket-allocator-granularity=16"
    "memorysetup-bucket-allocator-bucket-count=8"
    "memorysetup-bucket-allocator-block-size=33554432"
    "memorysetup-bucket-allocator-block-count=8"
    "memorysetup-main-allocator-block-size=16777216"
    "memorysetup-thread-allocator-block-size=16777216"
    "memorysetup-gfx-main-allocator-block-size=16777216"
    "memorysetup-gfx-thread-allocator-block-size=16777216"
    "memorysetup-cache-allocator-block-size=4194304"
    "memorysetup-typetree-allocator-block-size=2097152"
    "memorysetup-profiler-bucket-allocator-granularity=16"
    "memorysetup-profiler-bucket-allocator-bucket-count=8"
    "memorysetup-profiler-bucket-allocator-block-size=33554432"
    "memorysetup-profiler-bucket-allocator-block-count=8"
    "memorysetup-profiler-allocator-block-size=16777216"
    "memorysetup-profiler-editor-allocator-block-size=1048576"
    "memorysetup-temp-allocator-size-main=16777216"
    "memorysetup-job-temp-allocator-block-size=2097152"
    "memorysetup-job-temp-allocator-block-size-background=1048576"
    "memorysetup-job-temp-allocator-reduction-small-platforms=262144"
    "memorysetup-temp-allocator-size-background-worker=32768"
    "memorysetup-temp-allocator-size-job-worker=262144"
    "memorysetup-temp-allocator-size-preload-manager=33554432"
    "memorysetup-temp-allocator-size-nav-mesh-worker=65536"
    "memorysetup-temp-allocator-size-audio-worker=65536"
    "memorysetup-temp-allocator-size-cloud-worker=32768"
    "memorysetup-temp-allocator-size-gi-baking-worker=262144"
    "memorysetup-temp-allocator-size-gfx=262144"
Player connection [53716] Host "[IP] 192.168.0.219 [Port] 0 [Flags] 2 [Guid] 2907420015 [EditorId] 2907420015 [Version] 1048832 [Id] WindowsEditor(7,WinEnri) [Debug] 1 [PackageName] WindowsEditor [ProjectName] Editor" joined multi-casting on [225.0.0.222:54997]...

Player connection [53716] Host "[IP] 192.168.0.219 [Port] 0 [Flags] 2 [Guid] 2907420015 [EditorId] 2907420015 [Version] 1048832 [Id] WindowsEditor(7,WinEnri) [Debug] 1 [PackageName] WindowsEditor [ProjectName] Editor" joined alternative multi-casting on [225.0.0.222:34997]...

mdb reader table full -> cleaning up stale readers. Current readers:
    pid     thread     txnid
      6852 1ac8 -
      6852 4f58 -
      6852 8f4 -
     59532 cc30 -
     61064 abc8 -
     62876 f5a0 -
     62596 f488 -
     54556 e8a0 -
     39156 ea40 -
     63236 f708 -
     62476 e998 -
     62592 ee08 -
     26416 f2f8 -
     60600 e3d4 -
     62024 f13c -
     62756 f21c -
     51400 8c64 -
     59768 bbd4 -
     61872 f0b8 -
     62664 f4dc -
     34944 9fcc -
     57204 f728 -
     50424 f66c -
     16428 d4e0 -
     57952 d4b8 -
     47924 e324 -
     37068 c84c -
     61356 f3b4 -
     39776 dccc -
     50848 524 -
      4808 f088 -
     61368 f164 -
     60304 ecfc -
     62500 f1e4 -
     62304 f504 -
     59796 d594 -
     57476 ccb4 -
     62020 f7c4 -
     61340 f56c -
     58944 e8b4 -
     38940 b674 -
     62472 f6c4 -
     62824 d640 -
     51868 b454 -
     63280 f5c8 -
     62356 cf2c -
     61272 f7a0 -
     61304 eb0c -
     62096 41cc -
     56192 f5c4 -
     61648 ed90 -
     62924 417c -
     60656 c970 -
     49168 eb24 -
     60308 ccb0 -
     59744 ed10 -
     59836 ebb4 -
     59824 e480 -
     63340 e2b0 -
     63032 cd18 -
     33092 e1b8 -
     62144 f738 -
     63268 5588 -
     62676 f27c -
     53916 fdc -
     59012 f250 -
     53232 dc74 -
     35520 f720 -
     60456 f74c -
     16772 f78c -
     58980 b428 -
     62396 ed4c -
     62528 f584 -
     48580 e43c -
     57196 ab78 -
     63692 f8d0 -
     63844 f968 -
     64116 fa80 -
      1560 f47c -
     64068 f470 -
     61836 caf0 -
     63520 f824 -
     62932 b098 -
     63512 f814 -
     63556 f858 -
     57420 f95c -
     62280 dc30 -
     59380 dabc -
     53088 fab4 -
     53828 adb8 -
     63204 3e84 -
     52876 f630 -
     57680 f580 -
     64288 f85c -
     61752 fb5c -
     60512 f8a8 -
     62584 f848 -
     45092 f528 -
     56844 b398 -
     58700 f450 -
     55408 f8ac -
     64008 f46c -
     58400 f5e0 -
     49928 f8b4 -
     62044 c05c -
      3048 fab8 -
     64340 fa28 -
     57712 e7d4 -
     60848 f984 -
     61588 ec30 -
     64268 eb28 -
     64148 de10 -
     54020 f4fc -
     57192 e450 -
     65216 fec4 -
     64376 f3dc -
     65160 fe8c -
     64292 7d34 -
     60440 f454 -
     60628 de14 -
     65396 ff78 -
     58416 fc28 -
     64384 e8e4 -
     16744 fab0 -
     53372 e434 -
     64252 de84 -
Cleaned out 122 stale readers
Refreshing native plugins compatible for Editor in 1856.91 ms, found 3 plugins.
Preloading 0 native plugins for Editor in 0.00 ms.
Initialize engine version: 2021.3.29f1 (204d6dc9ae1c)
[Subsystems] Discovering subsystems at path C:/Program Files/Unity/Hub/Editor/2021.3.29f1/Editor/Data/Resources/UnitySubsystems
[Subsystems] Discovering subsystems at path Z:/UNITY/New Unity Project/Assets
GfxDevice: creating device client; threaded=0; jobified=0
Direct3D:
    Version:  Direct3D 11.0 [level 11.1]
    Renderer: NVIDIA GeForce GTX 1050 Ti (ID=0x1c82)
    Vendor:   NVIDIA
    VRAM:     4004 MB
    Driver:   31.0.15.5186
Initialize mono
Mono path[0] = 'C:/Program Files/Unity/Hub/Editor/2021.3.29f1/Editor/Data/Managed'
Mono path[1] = 'C:/Program Files/Unity/Hub/Editor/2021.3.29f1/Editor/Data/MonoBleedingEdge/lib/mono/unityjit-win32'
Mono config path = 'C:/Program Files/Unity/Hub/Editor/2021.3.29f1/Editor/Data/MonoBleedingEdge/etc'
Using monoOptions --debugger-agent=transport=dt_socket,embedding=1,server=y,suspend=n,address=127.0.0.1:56820
Begin MonoManager ReloadAssembly
Registering precompiled unity dll's ...
Register platform support module: C:/Program Files/Unity/Hub/Editor/2021.3.29f1/Editor/Data/PlaybackEngines/WindowsStandaloneSupport/UnityEditor.WindowsStandalone.Extensions.dll
Registered in 0.070919 seconds.
Native extension for WindowsStandalone target not found
Refreshing native plugins compatible for Editor in 56.69 ms, found 3 plugins.
Preloading 0 native plugins for Editor in 0.00 ms.
Mono: successfully reloaded assembly
- Completed reload, in  1.658 seconds
Domain Reload Profiling:
	ReloadAssembly (1659ms)
		BeginReloadAssembly (580ms)
			ExecutionOrderSort (0ms)
			DisableScriptedObjects (0ms)
			BackupInstance (0ms)
			ReleaseScriptingObjects (0ms)
			CreateAndSetChildDomain (1ms)
		EndReloadAssembly (928ms)
			LoadAssemblies (578ms)
			RebuildTransferFunctionScriptingTraits (0ms)
			SetupTypeCache (90ms)
			ReleaseScriptCaches (0ms)
			RebuildScriptCaches (24ms)
			SetupLoadedEditorAssemblies (346ms)
				LogAssemblyErrors (0ms)
				InitializePlatformSupportModulesInManaged (6ms)
				SetLoadedEditorAssemblies (0ms)
				RefreshPlugins (57ms)
				BeforeProcessingInitializeOnLoad (1ms)
				ProcessInitializeOnLoadAttributes (98ms)
				ProcessInitializeOnLoadMethodAttributes (183ms)
				AfterProcessingInitializeOnLoad (0ms)
				EditorAssembliesLoaded (0ms)
			ExecutionOrderSort2 (0ms)
			AwakeInstancesAfterBackupRestoration (0ms)
Platform modules already initialized, skipping
Registering precompiled user dll's ...
Registered in 2.204893 seconds.
