Using pre-set license
Built from '2021.3/staging' branch; Version is '2021.3.29f1 (204d6dc9ae1c) revision 2116973'; Using compiler version '192829333'; Build Type 'Release'
OS: 'Windows 10  (10.0.19045) 64bit Professional' Language: 'es' Physical Memory: 16281 MB
BatchMode: 1, IsHumanControllingUs: 0, StartBugReporterOnCrash: 0, Is64bit: 1, IsPro: 1

COMMAND LINE ARGUMENTS:
C:\Program Files\Unity\Hub\Editor\2021.3.29f1\Editor\Unity.exe
-adb2
-batchMode
-noUpm
-name
AssetImportWorker245
-projectPath
Z:/UNITY/New Unity Project
-logFile
Logs/AssetImportWorker245.log
-srvPort
50443
Successfully changed project path to: Z:/UNITY/New Unity Project
Z:/UNITY/New Unity Project
[UnityMemory] Configuration Parameters - Can be set up in boot.config
    "memorysetup-bucket-allocator-granularity=16"
    "memorysetup-bucket-allocator-bucket-count=8"
    "memorysetup-bucket-allocator-block-size=33554432"
    "memorysetup-bucket-allocator-block-count=8"
    "memorysetup-main-allocator-block-size=16777216"
    "memorysetup-thread-allocator-block-size=16777216"
    "memorysetup-gfx-main-allocator-block-size=16777216"
    "memorysetup-gfx-thread-allocator-block-size=16777216"
    "memorysetup-cache-allocator-block-size=4194304"
    "memorysetup-typetree-allocator-block-size=2097152"
    "memorysetup-profiler-bucket-allocator-granularity=16"
    "memorysetup-profiler-bucket-allocator-bucket-count=8"
    "memorysetup-profiler-bucket-allocator-block-size=33554432"
    "memorysetup-profiler-bucket-allocator-block-count=8"
    "memorysetup-profiler-allocator-block-size=16777216"
    "memorysetup-profiler-editor-allocator-block-size=1048576"
    "memorysetup-temp-allocator-size-main=16777216"
    "memorysetup-job-temp-allocator-block-size=2097152"
    "memorysetup-job-temp-allocator-block-size-background=1048576"
    "memorysetup-job-temp-allocator-reduction-small-platforms=262144"
    "memorysetup-temp-allocator-size-background-worker=32768"
    "memorysetup-temp-allocator-size-job-worker=262144"
    "memorysetup-temp-allocator-size-preload-manager=33554432"
    "memorysetup-temp-allocator-size-nav-mesh-worker=65536"
    "memorysetup-temp-allocator-size-audio-worker=65536"
    "memorysetup-temp-allocator-size-cloud-worker=32768"
    "memorysetup-temp-allocator-size-gi-baking-worker=262144"
    "memorysetup-temp-allocator-size-gfx=262144"
Player connection [22776] Host "[IP] 192.168.0.219 [Port] 0 [Flags] 2 [Guid] 1968778440 [EditorId] 1968778440 [Version] 1048832 [Id] WindowsEditor(7,WinEnri) [Debug] 1 [PackageName] WindowsEditor [ProjectName] Editor" joined multi-casting on [225.0.0.222:54997]...

Player connection [22776] Host "[IP] 192.168.0.219 [Port] 0 [Flags] 2 [Guid] 1968778440 [EditorId] 1968778440 [Version] 1048832 [Id] WindowsEditor(7,WinEnri) [Debug] 1 [PackageName] WindowsEditor [ProjectName] Editor" joined alternative multi-casting on [225.0.0.222:34997]...

mdb reader table full -> cleaning up stale readers. Current readers:
    pid     thread     txnid
      6852 1ac8 -
      6852 1218 -
      6852 124c -
     24212 3958 -
     20104 fd4 -
     23228 a14 -
     15124 4d84 -
      9708 3cf8 -
     11284 5a04 -
     14512 a84 -
      2416 1f80 -
     14824 5780 -
     21656 295c -
      7556 5ce0 -
      1596 57d8 -
      3188 549c -
     22992 458c -
     21868 43e0 -
      1608 5ad0 -
      3708 2378 -
      3968 4cd4 -
     21720 5d7c -
      4960 3528 -
      3044 49c8 -
     24504 cc8 -
     20156 5840 -
      2504 5a30 -
     22876 5998 -
      4176 240 -
     20372 3120 -
     23772 4dc4 -
     20632 1020 -
     19888 3cd8 -
      9800 5568 -
     22184 53a0 -
     20880 5b80 -
     16600 5fc8 -
     20580 22e4 -
     15200 22e8 -
       876 2b20 -
     15052 5754 -
      8732 f84 -
      2612 5e4 -
     11804 5af8 -
     10252 3a60 -
     20404 fe0 -
     24164 59a4 -
     22140 1390 -
     17560 cec -
      7584 5e18 -
     21552 1460 -
     15024 3170 -
     21828 a08 -
     20384 5cd4 -
     14884 4fc8 -
     20172 3ed8 -
      5464 4ec0 -
      8820 52dc -
     23996 2f44 -
      1724 5fe0 -
     22588 b50 -
     23396 5480 -
     14068 5dac -
     11116 5e2c -
     20396 5ab4 -
     17536 b78 -
      5232 577c -
       328 57c4 -
     11928 5d58 -
     24436 4a0 -
     19508 5710 -
     24244 2310 -
       872 1d18 -
     23420 4f28 -
     19468 4e74 -
     23540 5848 -
     14168 288c -
      9500 351c -
     17908 3a50 -
     19472 19c0 -
     12684 50b8 -
      2452 5aa0 -
     21172 39e0 -
     15732 5ebc -
     22764 2894 -
     23900 55bc -
     23120 562c -
     18732 5628 -
     18224 1e80 -
     16720 524c -
     14356 3f44 -
     24076 ffc -
      5128 200c -
     12588 59fc -
     19980 54c -
     23136 5c88 -
     24020 4e20 -
     17572 28d0 -
     23380 563c -
     10912 4ef8 -
     16420 2d28 -
     24516 2fe0 -
     23548 3be4 -
     23784 53c8 -
     21456 5648 -
     17148 ce8 -
     21148 5094 -
     14172 16c4 -
     18000 575c -
     22660 164c -
     23004 30e4 -
     22952 589c -
     13724 3b64 -
     18640 19b4 -
     23672 2a88 -
      7388 5eb8 -
      7788 5c44 -
     23532 3644 -
      4192 6358 -
     24204 63a0 -
      5392 51d0 -
      6164 5d1c -
     24148 17c8 -
     24536 582c -
      9728 161c -
      8448 5ffc -
Cleaned out 122 stale readers
mdb reader table full -> cleaning up stale readers. Current readers:
    pid     thread     txnid
      6852 1ac8 -
      6852 4f58 -
      6852 8f4 -
     24212 3958 -
     23228 a14 -
     20104 fd4 -
     15124 4d84 -
      9708 3cf8 -
     11284 5a04 -
     14512 a84 -
      2416 1f80 -
     14824 5780 -
      7556 5ce0 -
     21656 295c -
      1596 57d8 -
      3188 549c -
     21868 43e0 -
     22992 458c -
      3708 2378 -
      1608 5ad0 -
     21720 5d7c -
      3968 4cd4 -
      4960 3528 -
      3044 49c8 -
     20156 5840 -
     24504 cc8 -
     22876 5998 -
      2504 5a30 -
     20372 3120 -
      4176 240 -
     20632 1020 -
     23772 4dc4 -
     19888 3cd8 -
      9800 5568 -
     20880 5b80 -
     22184 53a0 -
     16600 5fc8 -
     20580 22e4 -
     15200 22e8 -
       876 2b20 -
     15052 5754 -
      8732 f84 -
      2612 5e4 -
     11804 5af8 -
     20404 fe0 -
     10252 3a60 -
     24164 59a4 -
     22140 1390 -
     17560 cec -
      7584 5e18 -
     21552 1460 -
     15024 3170 -
     21828 a08 -
     20384 5cd4 -
     20172 3ed8 -
     14884 4fc8 -
      5464 4ec0 -
      8820 52dc -
     23996 2f44 -
      1724 5fe0 -
     22588 b50 -
     23396 5480 -
     14068 5dac -
     11116 5e2c -
     20396 5ab4 -
     17536 b78 -
       328 57c4 -
      5232 577c -
     11928 5d58 -
     24436 4a0 -
     24244 2310 -
     19508 5710 -
       872 1d18 -
     23420 4f28 -
     23540 5848 -
     19468 4e74 -
      9500 351c -
     14168 288c -
     17908 3a50 -
     19472 19c0 -
      2452 5aa0 -
     12684 50b8 -
     15732 5ebc -
     21172 39e0 -
     22764 2894 -
     23900 55bc -
     23120 562c -
     18732 5628 -
     18224 1e80 -
     16720 524c -
     24076 ffc -
     14356 3f44 -
     12588 59fc -
      5128 200c -
     23136 5c88 -
     19980 54c -
     24020 4e20 -
     17572 28d0 -
     23380 563c -
     10912 4ef8 -
     24516 2fe0 -
     16420 2d28 -
     23548 3be4 -
     23784 53c8 -
     17148 ce8 -
     21456 5648 -
     14172 16c4 -
     21148 5094 -
     18000 575c -
     22660 164c -
     22952 589c -
     23004 30e4 -
     18640 19b4 -
     13724 3b64 -
     23672 2a88 -
      7388 5eb8 -
     23532 3644 -
      7788 5c44 -
      4192 6358 -
     24204 63a0 -
      5392 51d0 -
      6164 5d1c -
     24148 17c8 -
     24536 582c -
      9728 161c -
      8448 5ffc -
Cleaned out 122 stale readers
Refreshing native plugins compatible for Editor in 1157.69 ms, found 3 plugins.
Preloading 0 native plugins for Editor in 0.00 ms.
Initialize engine version: 2021.3.29f1 (204d6dc9ae1c)
[Subsystems] Discovering subsystems at path C:/Program Files/Unity/Hub/Editor/2021.3.29f1/Editor/Data/Resources/UnitySubsystems
[Subsystems] Discovering subsystems at path Z:/UNITY/New Unity Project/Assets
GfxDevice: creating device client; threaded=0; jobified=0
Direct3D:
    Version:  Direct3D 11.0 [level 11.1]
    Renderer: NVIDIA GeForce GTX 1050 Ti (ID=0x1c82)
    Vendor:   NVIDIA
    VRAM:     4004 MB
    Driver:   31.0.15.5186
Initialize mono
Mono path[0] = 'C:/Program Files/Unity/Hub/Editor/2021.3.29f1/Editor/Data/Managed'
Mono path[1] = 'C:/Program Files/Unity/Hub/Editor/2021.3.29f1/Editor/Data/MonoBleedingEdge/lib/mono/unityjit-win32'
Mono config path = 'C:/Program Files/Unity/Hub/Editor/2021.3.29f1/Editor/Data/MonoBleedingEdge/etc'
Using monoOptions --debugger-agent=transport=dt_socket,embedding=1,server=y,suspend=n,address=127.0.0.1:56340
Begin MonoManager ReloadAssembly
Registering precompiled unity dll's ...
Register platform support module: C:/Program Files/Unity/Hub/Editor/2021.3.29f1/Editor/Data/PlaybackEngines/WindowsStandaloneSupport/UnityEditor.WindowsStandalone.Extensions.dll
Registered in 0.167246 seconds.
Native extension for WindowsStandalone target not found
Refreshing native plugins compatible for Editor in 55.94 ms, found 3 plugins.
Preloading 0 native plugins for Editor in 0.00 ms.
Mono: successfully reloaded assembly
- Completed reload, in  1.173 seconds
Domain Reload Profiling:
	ReloadAssembly (1173ms)
		BeginReloadAssembly (126ms)
			ExecutionOrderSort (0ms)
			DisableScriptedObjects (0ms)
			BackupInstance (0ms)
			ReleaseScriptingObjects (0ms)
			CreateAndSetChildDomain (1ms)
		EndReloadAssembly (797ms)
			LoadAssemblies (123ms)
			RebuildTransferFunctionScriptingTraits (0ms)
			SetupTypeCache (87ms)
			ReleaseScriptCaches (0ms)
			RebuildScriptCaches (24ms)
			SetupLoadedEditorAssemblies (270ms)
				LogAssemblyErrors (0ms)
				InitializePlatformSupportModulesInManaged (6ms)
				SetLoadedEditorAssemblies (0ms)
				RefreshPlugins (56ms)
				BeforeProcessingInitializeOnLoad (1ms)
				ProcessInitializeOnLoadAttributes (97ms)
				ProcessInitializeOnLoadMethodAttributes (110ms)
				AfterProcessingInitializeOnLoad (0ms)
				EditorAssembliesLoaded (0ms)
			ExecutionOrderSort2 (0ms)
			AwakeInstancesAfterBackupRestoration (0ms)
Platform modules already initialized, skipping
Registering precompiled user dll's ...
Registered in 2.212462 seconds.
