Using pre-set license
Built from '2021.3/staging' branch; Version is '2021.3.29f1 (204d6dc9ae1c) revision 2116973'; Using compiler version '192829333'; Build Type 'Release'
OS: 'Windows 10  (10.0.19045) 64bit Professional' Language: 'es' Physical Memory: 16281 MB
BatchMode: 1, IsHumanControllingUs: 0, StartBugReporterOnCrash: 0, Is64bit: 1, IsPro: 1

COMMAND LINE ARGUMENTS:
C:\Program Files\Unity\Hub\Editor\2021.3.29f1\Editor\Unity.exe
-adb2
-batchMode
-noUpm
-name
AssetImportWorker1955
-projectPath
Z:/UNITY/New Unity Project
-logFile
Logs/AssetImportWorker1955.log
-srvPort
50443
Successfully changed project path to: Z:/UNITY/New Unity Project
Z:/UNITY/New Unity Project
[UnityMemory] Configuration Parameters - Can be set up in boot.config
    "memorysetup-bucket-allocator-granularity=16"
    "memorysetup-bucket-allocator-bucket-count=8"
    "memorysetup-bucket-allocator-block-size=33554432"
    "memorysetup-bucket-allocator-block-count=8"
    "memorysetup-main-allocator-block-size=16777216"
    "memorysetup-thread-allocator-block-size=16777216"
    "memorysetup-gfx-main-allocator-block-size=16777216"
    "memorysetup-gfx-thread-allocator-block-size=16777216"
    "memorysetup-cache-allocator-block-size=4194304"
    "memorysetup-typetree-allocator-block-size=2097152"
    "memorysetup-profiler-bucket-allocator-granularity=16"
    "memorysetup-profiler-bucket-allocator-bucket-count=8"
    "memorysetup-profiler-bucket-allocator-block-size=33554432"
    "memorysetup-profiler-bucket-allocator-block-count=8"
    "memorysetup-profiler-allocator-block-size=16777216"
    "memorysetup-profiler-editor-allocator-block-size=1048576"
    "memorysetup-temp-allocator-size-main=16777216"
    "memorysetup-job-temp-allocator-block-size=2097152"
    "memorysetup-job-temp-allocator-block-size-background=1048576"
    "memorysetup-job-temp-allocator-reduction-small-platforms=262144"
    "memorysetup-temp-allocator-size-background-worker=32768"
    "memorysetup-temp-allocator-size-job-worker=262144"
    "memorysetup-temp-allocator-size-preload-manager=33554432"
    "memorysetup-temp-allocator-size-nav-mesh-worker=65536"
    "memorysetup-temp-allocator-size-audio-worker=65536"
    "memorysetup-temp-allocator-size-cloud-worker=32768"
    "memorysetup-temp-allocator-size-gi-baking-worker=262144"
    "memorysetup-temp-allocator-size-gfx=262144"
Player connection [59308] Host "[IP] 192.168.0.219 [Port] 0 [Flags] 2 [Guid] 383269718 [EditorId] 383269718 [Version] 1048832 [Id] WindowsEditor(7,WinEnri) [Debug] 1 [PackageName] WindowsEditor [ProjectName] Editor" joined multi-casting on [225.0.0.222:54997]...

Player connection [59308] Host "[IP] 192.168.0.219 [Port] 0 [Flags] 2 [Guid] 383269718 [EditorId] 383269718 [Version] 1048832 [Id] WindowsEditor(7,WinEnri) [Debug] 1 [PackageName] WindowsEditor [ProjectName] Editor" joined alternative multi-casting on [225.0.0.222:34997]...

mdb reader table full -> cleaning up stale readers. Current readers:
    pid     thread     txnid
      6852 1ac8 -
      6852 1218 -
      6852 124c -
     53896 da1c -
     55152 d3f4 -
     54008 dc70 -
     57028 b2b4 -
     39628 dd48 -
     43704 cba0 -
     55808 dd04 -
     48680 5f90 -
     56624 a5d0 -
     56928 cb94 -
     34268 d274 -
     41936 db1c -
     53284 a944 -
     30680 b954 -
     55540 d9c0 -
     50676 d610 -
     57292 d81c -
     43764 9d94 -
      9692 d9ec -
     46148 d2fc -
     12840 dd50 -
     56836 9914 -
     55892 9698 -
     16220 d9a4 -
     47316 b518 -
     54460 76b4 -
     53732 c984 -
     57752 e19c -
     57560 e0dc -
     41192 e0ac -
     52556 dfb0 -
     51008 cd28 -
     57540 d2dc -
     56156 9420 -
     54808 c620 -
     48920 5868 -
     58224 e330 -
     57976 e27c -
     58228 e304 -
     54076 4058 -
     55852 e1c0 -
     58064 e2a4 -
     56728 e020 -
     46216 dba8 -
     58196 d5e0 -
     42468 d5bc -
     35544 b264 -
     53120 bb20 -
     53628 4048 -
      6800 dc98 -
     58232 e14c -
     44784 da04 -
     56968 e36c -
     48236 1584 -
     16364 c938 -
     48164 e140 -
     54488 3c4c -
     48212 c13c -
     58216 e390 -
     27812 d58c -
      1904 4270 -
     47128 c074 -
     50624 e210 -
     49252 c61c -
     53152 69cc -
     53596 bb0c -
     54208 3f8c -
     57460 ddb0 -
     42220 d054 -
     57660 ddb8 -
     44860 a318 -
     58360 ae34 -
     45912 de38 -
     55028 aac4 -
     45048 3810 -
     47688 656c -
     57452 5764 -
     55312 1a8c -
     54732 c36c -
     50588 9c74 -
     54548 db0c -
     57692 e3b4 -
     51896 c658 -
     21780 e3e0 -
     16148 41b4 -
     48232 4138 -
     33532 d454 -
     57456 e0d4 -
     57584 92a4 -
     35556 e398 -
     57816 ca34 -
     52732 8f34 -
     51440 7718 -
     49380 ded0 -
     49400 bf90 -
     46692 ac30 -
     56828 c100 -
     16504 c33c -
     53924 dd78 -
     57000 13dc -
     37992 e218 -
     12884 8bb8 -
     57876 8c40 -
     58208 e270 -
     36664 e3d8 -
     55748 e1f0 -
     25464 4240 -
     39184 be48 -
     34948 d818 -
     56544 d1e8 -
     57928 d508 -
     44264 d4a0 -
     47180 38b8 -
     33180 e008 -
     53344 c94 -
     52976 bf74 -
     56764 e130 -
     58096 dc20 -
     58076 cf1c -
     52932 e0f8 -
     58044 dbf0 -
     59108 e6e8 -
     44992 da78 -
Cleaned out 122 stale readers
Refreshing native plugins compatible for Editor in 2315.20 ms, found 3 plugins.
Preloading 0 native plugins for Editor in 0.00 ms.
Initialize engine version: 2021.3.29f1 (204d6dc9ae1c)
[Subsystems] Discovering subsystems at path C:/Program Files/Unity/Hub/Editor/2021.3.29f1/Editor/Data/Resources/UnitySubsystems
[Subsystems] Discovering subsystems at path Z:/UNITY/New Unity Project/Assets
GfxDevice: creating device client; threaded=0; jobified=0
Direct3D:
    Version:  Direct3D 11.0 [level 11.1]
    Renderer: NVIDIA GeForce GTX 1050 Ti (ID=0x1c82)
    Vendor:   NVIDIA
    VRAM:     4004 MB
    Driver:   31.0.15.5186
Initialize mono
Mono path[0] = 'C:/Program Files/Unity/Hub/Editor/2021.3.29f1/Editor/Data/Managed'
Mono path[1] = 'C:/Program Files/Unity/Hub/Editor/2021.3.29f1/Editor/Data/MonoBleedingEdge/lib/mono/unityjit-win32'
Mono config path = 'C:/Program Files/Unity/Hub/Editor/2021.3.29f1/Editor/Data/MonoBleedingEdge/etc'
Using monoOptions --debugger-agent=transport=dt_socket,embedding=1,server=y,suspend=n,address=127.0.0.1:56304
Begin MonoManager ReloadAssembly
Registering precompiled unity dll's ...
Register platform support module: C:/Program Files/Unity/Hub/Editor/2021.3.29f1/Editor/Data/PlaybackEngines/WindowsStandaloneSupport/UnityEditor.WindowsStandalone.Extensions.dll
Registered in 0.101244 seconds.
Native extension for WindowsStandalone target not found
Refreshing native plugins compatible for Editor in 56.01 ms, found 3 plugins.
Preloading 0 native plugins for Editor in 0.00 ms.
Mono: successfully reloaded assembly
- Completed reload, in  1.221 seconds
Domain Reload Profiling:
	ReloadAssembly (1222ms)
		BeginReloadAssembly (79ms)
			ExecutionOrderSort (0ms)
			DisableScriptedObjects (0ms)
			BackupInstance (0ms)
			ReleaseScriptingObjects (0ms)
			CreateAndSetChildDomain (1ms)
		EndReloadAssembly (962ms)
			LoadAssemblies (77ms)
			RebuildTransferFunctionScriptingTraits (0ms)
			SetupTypeCache (97ms)
			ReleaseScriptCaches (0ms)
			RebuildScriptCaches (24ms)
			SetupLoadedEditorAssemblies (289ms)
				LogAssemblyErrors (0ms)
				InitializePlatformSupportModulesInManaged (6ms)
				SetLoadedEditorAssemblies (0ms)
				RefreshPlugins (56ms)
				BeforeProcessingInitializeOnLoad (1ms)
				ProcessInitializeOnLoadAttributes (100ms)
				ProcessInitializeOnLoadMethodAttributes (125ms)
				AfterProcessingInitializeOnLoad (0ms)
				EditorAssembliesLoaded (0ms)
			ExecutionOrderSort2 (0ms)
			AwakeInstancesAfterBackupRestoration (0ms)
Platform modules already initialized, skipping
Registering precompiled user dll's ...
Registered in 2.410693 seconds.
