Using pre-set license
Built from '2021.3/staging' branch; Version is '2021.3.29f1 (204d6dc9ae1c) revision 2116973'; Using compiler version '192829333'; Build Type 'Release'
OS: 'Windows 10  (10.0.19045) 64bit Professional' Language: 'es' Physical Memory: 16281 MB
BatchMode: 1, IsHumanControllingUs: 0, StartBugReporterOnCrash: 0, Is64bit: 1, IsPro: 1

COMMAND LINE ARGUMENTS:
C:\Program Files\Unity\Hub\Editor\2021.3.29f1\Editor\Unity.exe
-adb2
-batchMode
-noUpm
-name
AssetImportWorker2078
-projectPath
Z:/UNITY/New Unity Project
-logFile
Logs/AssetImportWorker2078.log
-srvPort
50443
Successfully changed project path to: Z:/UNITY/New Unity Project
Z:/UNITY/New Unity Project
[UnityMemory] Configuration Parameters - Can be set up in boot.config
    "memorysetup-bucket-allocator-granularity=16"
    "memorysetup-bucket-allocator-bucket-count=8"
    "memorysetup-bucket-allocator-block-size=33554432"
    "memorysetup-bucket-allocator-block-count=8"
    "memorysetup-main-allocator-block-size=16777216"
    "memorysetup-thread-allocator-block-size=16777216"
    "memorysetup-gfx-main-allocator-block-size=16777216"
    "memorysetup-gfx-thread-allocator-block-size=16777216"
    "memorysetup-cache-allocator-block-size=4194304"
    "memorysetup-typetree-allocator-block-size=2097152"
    "memorysetup-profiler-bucket-allocator-granularity=16"
    "memorysetup-profiler-bucket-allocator-bucket-count=8"
    "memorysetup-profiler-bucket-allocator-block-size=33554432"
    "memorysetup-profiler-bucket-allocator-block-count=8"
    "memorysetup-profiler-allocator-block-size=16777216"
    "memorysetup-profiler-editor-allocator-block-size=1048576"
    "memorysetup-temp-allocator-size-main=16777216"
    "memorysetup-job-temp-allocator-block-size=2097152"
    "memorysetup-job-temp-allocator-block-size-background=1048576"
    "memorysetup-job-temp-allocator-reduction-small-platforms=262144"
    "memorysetup-temp-allocator-size-background-worker=32768"
    "memorysetup-temp-allocator-size-job-worker=262144"
    "memorysetup-temp-allocator-size-preload-manager=33554432"
    "memorysetup-temp-allocator-size-nav-mesh-worker=65536"
    "memorysetup-temp-allocator-size-audio-worker=65536"
    "memorysetup-temp-allocator-size-cloud-worker=32768"
    "memorysetup-temp-allocator-size-gi-baking-worker=262144"
    "memorysetup-temp-allocator-size-gfx=262144"
Player connection [52672] Host "[IP] 192.168.0.219 [Port] 0 [Flags] 2 [Guid] 1240266684 [EditorId] 1240266684 [Version] 1048832 [Id] WindowsEditor(7,WinEnri) [Debug] 1 [PackageName] WindowsEditor [ProjectName] Editor" joined multi-casting on [225.0.0.222:54997]...

Player connection [52672] Host "[IP] 192.168.0.219 [Port] 0 [Flags] 2 [Guid] 1240266684 [EditorId] 1240266684 [Version] 1048832 [Id] WindowsEditor(7,WinEnri) [Debug] 1 [PackageName] WindowsEditor [ProjectName] Editor" joined alternative multi-casting on [225.0.0.222:34997]...

mdb reader table full -> cleaning up stale readers. Current readers:
    pid     thread     txnid
      6852 1ac8 -
      6852 4f58 -
      6852 8f4 -
     39264 bb58 -
     47764 e1b4 -
     59036 e568 -
     58608 e4e0 -
     59180 e738 -
     42740 d728 -
     54128 d73c -
     14660 e6ac -
     59272 cd68 -
     56640 e78c -
     58904 b7e4 -
     56324 b788 -
     48536 e798 -
     53360 e134 -
     39012 d804 -
     57596 e58c -
     59168 e66c -
     58620 dca0 -
     46188 cd3c -
      6560 813c -
     14448 8bf8 -
     59296 c8cc -
     57104 d63c -
     56744 dfe8 -
     58560 e548 -
     58572 dbb8 -
     57360 cc24 -
     50904 dbe0 -
     56096 e138 -
     58300 c590 -
     53180 de40 -
     46940 bba0 -
     54712 a7e8 -
     50080 c32c -
     56944 c42c -
     52676 d8a0 -
     54928 e518 -
     50700 e07c -
     53932 c9d8 -
     58408 e660 -
     55128 d1b0 -
     40600 e018 -
     46880 41d8 -
     16728 e264 -
     38096 7c54 -
     48900 c3d4 -
     57224 d988 -
     53452 e25c -
     56404 da14 -
     26852 d854 -
     48792 b0cc -
     51824 e3f4 -
     58804 e5b8 -
     58332 da7c -
     58652 a82c -
     57628 b870 -
     58672 90dc -
     52496 dd00 -
     57232 d2f0 -
     55444 d774 -
     58556 e764 -
     44424 e230 -
     58008 d578 -
     60040 ea8c -
     59880 e9ec -
     58104 e110 -
      8400 e0b4 -
     60380 ebe4 -
     16320 e680 -
     58748 e038 -
     60216 e650 -
     59260 cc10 -
     56608 de68 -
     56112 e6c8 -
     59948 e098 -
     59220 b270 -
     53972 dea0 -
     49372 4004 -
     60252 ead8 -
      1604 c858 -
     57440 ead0 -
     38144 cc50 -
     60376 e880 -
     51944 2120 -
     60136 3fac -
     12744 c07c -
     58460 e90c -
     58112 d888 -
     50288 eb50 -
     56216 c9fc -
     59684 c068 -
     60124 d134 -
     51636 5970 -
     39524 eac8 -
     48188 e80c -
     44724 ce68 -
     21152 d344 -
     59432 e9a4 -
     54436 36a0 -
     56536 c288 -
     52728 e7fc -
     60768 ed64 -
     61180 ef00 -
     58456 dca8 -
     59588 ab4 -
     57580 3e90 -
     60296 def4 -
     37324 e990 -
     16348 e100 -
     52988 e7d0 -
     59056 ee5c -
     60784 ed74 -
     53844 e108 -
     18668 ee98 -
     59920 ce54 -
     56276 ef2c -
     58612 e888 -
     58716 cf54 -
     58540 ee80 -
     60796 4038 -
     60868 efc8 -
     56200 2c0c -
      3100 ec8c -
Cleaned out 122 stale readers
Refreshing native plugins compatible for Editor in 1702.51 ms, found 3 plugins.
Preloading 0 native plugins for Editor in 0.00 ms.
Initialize engine version: 2021.3.29f1 (204d6dc9ae1c)
[Subsystems] Discovering subsystems at path C:/Program Files/Unity/Hub/Editor/2021.3.29f1/Editor/Data/Resources/UnitySubsystems
[Subsystems] Discovering subsystems at path Z:/UNITY/New Unity Project/Assets
GfxDevice: creating device client; threaded=0; jobified=0
Direct3D:
    Version:  Direct3D 11.0 [level 11.1]
    Renderer: NVIDIA GeForce GTX 1050 Ti (ID=0x1c82)
    Vendor:   NVIDIA
    VRAM:     4004 MB
    Driver:   31.0.15.5186
Initialize mono
Mono path[0] = 'C:/Program Files/Unity/Hub/Editor/2021.3.29f1/Editor/Data/Managed'
Mono path[1] = 'C:/Program Files/Unity/Hub/Editor/2021.3.29f1/Editor/Data/MonoBleedingEdge/lib/mono/unityjit-win32'
Mono config path = 'C:/Program Files/Unity/Hub/Editor/2021.3.29f1/Editor/Data/MonoBleedingEdge/etc'
Using monoOptions --debugger-agent=transport=dt_socket,embedding=1,server=y,suspend=n,address=127.0.0.1:56968
Begin MonoManager ReloadAssembly
Registering precompiled unity dll's ...
Register platform support module: C:/Program Files/Unity/Hub/Editor/2021.3.29f1/Editor/Data/PlaybackEngines/WindowsStandaloneSupport/UnityEditor.WindowsStandalone.Extensions.dll
Registered in 0.020152 seconds.
Native extension for WindowsStandalone target not found
Refreshing native plugins compatible for Editor in 55.95 ms, found 3 plugins.
Preloading 0 native plugins for Editor in 0.00 ms.
Mono: successfully reloaded assembly
- Completed reload, in  0.911 seconds
Domain Reload Profiling:
	ReloadAssembly (912ms)
		BeginReloadAssembly (121ms)
			ExecutionOrderSort (0ms)
			DisableScriptedObjects (0ms)
			BackupInstance (0ms)
			ReleaseScriptingObjects (0ms)
			CreateAndSetChildDomain (1ms)
		EndReloadAssembly (690ms)
			LoadAssemblies (118ms)
			RebuildTransferFunctionScriptingTraits (0ms)
			SetupTypeCache (91ms)
			ReleaseScriptCaches (0ms)
			RebuildScriptCaches (26ms)
			SetupLoadedEditorAssemblies (331ms)
				LogAssemblyErrors (0ms)
				InitializePlatformSupportModulesInManaged (6ms)
				SetLoadedEditorAssemblies (0ms)
				RefreshPlugins (56ms)
				BeforeProcessingInitializeOnLoad (1ms)
				ProcessInitializeOnLoadAttributes (98ms)
				ProcessInitializeOnLoadMethodAttributes (170ms)
				AfterProcessingInitializeOnLoad (0ms)
				EditorAssembliesLoaded (0ms)
			ExecutionOrderSort2 (0ms)
			AwakeInstancesAfterBackupRestoration (0ms)
Platform modules already initialized, skipping
Registering precompiled user dll's ...
Registered in 2.254899 seconds.
