Using pre-set license
Built from '2021.3/staging' branch; Version is '2021.3.29f1 (204d6dc9ae1c) revision 2116973'; Using compiler version '192829333'; Build Type 'Release'
OS: 'Windows 10  (10.0.19045) 64bit Professional' Language: 'es' Physical Memory: 16281 MB
BatchMode: 1, IsHumanControllingUs: 0, StartBugReporterOnCrash: 0, Is64bit: 1, IsPro: 1

COMMAND LINE ARGUMENTS:
C:\Program Files\Unity\Hub\Editor\2021.3.29f1\Editor\Unity.exe
-adb2
-batchMode
-noUpm
-name
AssetImportWorker1345
-projectPath
Z:/UNITY/New Unity Project
-logFile
Logs/AssetImportWorker1345.log
-srvPort
50443
Successfully changed project path to: Z:/UNITY/New Unity Project
Z:/UNITY/New Unity Project
[UnityMemory] Configuration Parameters - Can be set up in boot.config
    "memorysetup-bucket-allocator-granularity=16"
    "memorysetup-bucket-allocator-bucket-count=8"
    "memorysetup-bucket-allocator-block-size=33554432"
    "memorysetup-bucket-allocator-block-count=8"
    "memorysetup-main-allocator-block-size=16777216"
    "memorysetup-thread-allocator-block-size=16777216"
    "memorysetup-gfx-main-allocator-block-size=16777216"
    "memorysetup-gfx-thread-allocator-block-size=16777216"
    "memorysetup-cache-allocator-block-size=4194304"
    "memorysetup-typetree-allocator-block-size=2097152"
    "memorysetup-profiler-bucket-allocator-granularity=16"
    "memorysetup-profiler-bucket-allocator-bucket-count=8"
    "memorysetup-profiler-bucket-allocator-block-size=33554432"
    "memorysetup-profiler-bucket-allocator-block-count=8"
    "memorysetup-profiler-allocator-block-size=16777216"
    "memorysetup-profiler-editor-allocator-block-size=1048576"
    "memorysetup-temp-allocator-size-main=16777216"
    "memorysetup-job-temp-allocator-block-size=2097152"
    "memorysetup-job-temp-allocator-block-size-background=1048576"
    "memorysetup-job-temp-allocator-reduction-small-platforms=262144"
    "memorysetup-temp-allocator-size-background-worker=32768"
    "memorysetup-temp-allocator-size-job-worker=262144"
    "memorysetup-temp-allocator-size-preload-manager=33554432"
    "memorysetup-temp-allocator-size-nav-mesh-worker=65536"
    "memorysetup-temp-allocator-size-audio-worker=65536"
    "memorysetup-temp-allocator-size-cloud-worker=32768"
    "memorysetup-temp-allocator-size-gi-baking-worker=262144"
    "memorysetup-temp-allocator-size-gfx=262144"
Player connection [34768] Host "[IP] 192.168.0.219 [Port] 0 [Flags] 2 [Guid] 2212535298 [EditorId] 2212535298 [Version] 1048832 [Id] WindowsEditor(7,WinEnri) [Debug] 1 [PackageName] WindowsEditor [ProjectName] Editor" joined multi-casting on [225.0.0.222:54997]...

Player connection [34768] Host "[IP] 192.168.0.219 [Port] 0 [Flags] 2 [Guid] 2212535298 [EditorId] 2212535298 [Version] 1048832 [Id] WindowsEditor(7,WinEnri) [Debug] 1 [PackageName] WindowsEditor [ProjectName] Editor" joined alternative multi-casting on [225.0.0.222:34997]...

mdb reader table full -> cleaning up stale readers. Current readers:
    pid     thread     txnid
      6852 1ac8 -
      6852 1218 -
      6852 124c -
     43688 b6dc -
     41064 a8c0 -
     46888 9ed4 -
     45368 991c -
     31748 9db4 -
     30772 b228 -
     45996 aa04 -
     35008 aa1c -
     42784 b1bc -
     44984 aa5c -
     39372 b2c4 -
     46852 b484 -
     46244 b740 -
     33080 ac78 -
     42568 99dc -
     43776 aa08 -
     38188 b25c -
     32312 85a8 -
     44972 a6e0 -
     37308 8fd4 -
     43368 9e60 -
     46444 8218 -
     31728 a5f8 -
     38056 8ab8 -
     43484 8f1c -
     43040 a970 -
     46648 8e78 -
     35260 b090 -
     38880 b588 -
     43096 a4a4 -
     26188 b3b8 -
     45700 87a4 -
     42332 9688 -
      8980 a094 -
     39888 a464 -
     35000 80c0 -
     42228 54e0 -
     34772 9d10 -
     32848 b1f4 -
     10824 b40c -
     43544 8d0c -
     39664 b134 -
     15224 a53c -
     23460 aa4c -
     46532 add4 -
     44612 8b34 -
     32264 b300 -
     40664 a808 -
     42856 8128 -
     44852 a9b4 -
     45372 a194 -
     45852 4cf8 -
     46948 883c -
     41884 7bac -
     45036 a71c -
     10560 8108 -
     47716 ba68 -
     47868 bb00 -
     47348 b908 -
     46604 860c -
     47832 badc -
     47320 b804 -
     47328 bac4 -
     44260 b464 -
     47176 5360 -
     43180 b86c -
     33768 ac8c -
     36096 7d60 -
     36424 9ca4 -
     39632 896c -
     45604 7c14 -
     47012 7ea0 -
     46712 b4e4 -
     45196 b528 -
     45520 ba4c -
     45448 aa00 -
     48252 bc80 -
     48392 bd0c -
     44212 bef0 -
     46904 bb6c -
     48808 3cb8 -
     37980 a8e8 -
     49100 bfb8 -
     47440 b7bc -
     47912 9974 -
     44476 8764 -
     48772 be74 -
     41700 62c4 -
     32288 913c -
     45476 bfb4 -
     32492 a904 -
     46592 bcb8 -
     44532 93d4 -
     49084 bcc0 -
     48544 be94 -
     21980 a3bc -
     45064 7500 -
     48424 b570 -
     42640 bec0 -
     45148 b2a8 -
     46772 bc78 -
     45812 8950 -
     45404 b8c8 -
     34232 bf4c -
     48724 86c4 -
     42552 ba3c -
     49048 b928 -
     47792 8efc -
     46900 78a4 -
     39260 b6f0 -
     47380 9560 -
     42952 8be8 -
     47784 b890 -
     47684 8854 -
     43048 bc1c -
     47384 bff4 -
     45768 b0e0 -
     41744 b654 -
     49020 9e10 -
     45724 a180 -
     44480 b748 -
     43204 bc90 -
     43140 bb1c -
Cleaned out 122 stale readers
Refreshing native plugins compatible for Editor in 5054.40 ms, found 3 plugins.
Preloading 0 native plugins for Editor in 0.00 ms.
Initialize engine version: 2021.3.29f1 (204d6dc9ae1c)
[Subsystems] Discovering subsystems at path C:/Program Files/Unity/Hub/Editor/2021.3.29f1/Editor/Data/Resources/UnitySubsystems
[Subsystems] Discovering subsystems at path Z:/UNITY/New Unity Project/Assets
GfxDevice: creating device client; threaded=0; jobified=0
Direct3D:
    Version:  Direct3D 11.0 [level 11.1]
    Renderer: NVIDIA GeForce GTX 1050 Ti (ID=0x1c82)
    Vendor:   NVIDIA
    VRAM:     4004 MB
    Driver:   31.0.15.5186
Initialize mono
Mono path[0] = 'C:/Program Files/Unity/Hub/Editor/2021.3.29f1/Editor/Data/Managed'
Mono path[1] = 'C:/Program Files/Unity/Hub/Editor/2021.3.29f1/Editor/Data/MonoBleedingEdge/lib/mono/unityjit-win32'
Mono config path = 'C:/Program Files/Unity/Hub/Editor/2021.3.29f1/Editor/Data/MonoBleedingEdge/etc'
Using monoOptions --debugger-agent=transport=dt_socket,embedding=1,server=y,suspend=n,address=127.0.0.1:56508
Begin MonoManager ReloadAssembly
Registering precompiled unity dll's ...
Register platform support module: C:/Program Files/Unity/Hub/Editor/2021.3.29f1/Editor/Data/PlaybackEngines/WindowsStandaloneSupport/UnityEditor.WindowsStandalone.Extensions.dll
Registered in 0.140386 seconds.
Native extension for WindowsStandalone target not found
Refreshing native plugins compatible for Editor in 56.11 ms, found 3 plugins.
Preloading 0 native plugins for Editor in 0.00 ms.
Mono: successfully reloaded assembly
- Completed reload, in  0.997 seconds
Domain Reload Profiling:
	ReloadAssembly (997ms)
		BeginReloadAssembly (83ms)
			ExecutionOrderSort (0ms)
			DisableScriptedObjects (0ms)
			BackupInstance (0ms)
			ReleaseScriptingObjects (0ms)
			CreateAndSetChildDomain (1ms)
		EndReloadAssembly (692ms)
			LoadAssemblies (81ms)
			RebuildTransferFunctionScriptingTraits (0ms)
			SetupTypeCache (87ms)
			ReleaseScriptCaches (0ms)
			RebuildScriptCaches (24ms)
			SetupLoadedEditorAssemblies (281ms)
				LogAssemblyErrors (0ms)
				InitializePlatformSupportModulesInManaged (6ms)
				SetLoadedEditorAssemblies (0ms)
				RefreshPlugins (56ms)
				BeforeProcessingInitializeOnLoad (1ms)
				ProcessInitializeOnLoadAttributes (98ms)
				ProcessInitializeOnLoadMethodAttributes (119ms)
				AfterProcessingInitializeOnLoad (0ms)
				EditorAssembliesLoaded (0ms)
			ExecutionOrderSort2 (0ms)
			AwakeInstancesAfterBackupRestoration (0ms)
Platform modules already initialized, skipping
Registering precompiled user dll's ...
